<?xml version="1.0" encoding="UTF-8"?>
<!-- Generated by org.testng.reporters.JUnitReportReporter -->
<testsuite skipped="0" hostname="GISAHOO-LAP" name="com.crm.qa.testcases.HomePageTest" tests="2" failures="0" timestamp="06 Mar 2019 20:08:52 GMT" time="38.085" errors="0">
  <testcase name="homePageTitleTest" time="19.312" classname="com.crm.qa.testcases.HomePageTest"/>
  <testcase name="homePageLogoTest" time="18.773" classname="com.crm.qa.testcases.HomePageTest"/>
</testsuite> <!-- com.crm.qa.testcases.HomePageTest -->
