<?xml version="1.0" encoding="UTF-8"?>
<!-- Generated by org.testng.reporters.JUnitReportReporter -->
<testsuite skipped="0" hostname="GISAHOO-LAP" name="com.crm.qa.pages.LoginPage" tests="1" failures="0" timestamp="23 Nov 2018 19:01:02 GMT" time="12.578" errors="0">
  <testcase name="run" time="12.578" classname="com.crm.qa.pages.LoginPage"/>
</testsuite> <!-- com.crm.qa.pages.LoginPage -->
