<?xml version="1.0" encoding="UTF-8"?>
<!-- Generated by org.testng.reporters.JUnitReportReporter -->
<testsuite skipped="0" hostname="GISAHOO-LAP" name="com.crm.qa.testcases.HomePageCalenderMoveTest" tests="1" failures="0" timestamp="07 Mar 2019 18:53:44 GMT" time="19.235" errors="0">
  <testcase name="calenderMovetest" time="19.235" classname="com.crm.qa.testcases.HomePageCalenderMoveTest"/>
</testsuite> <!-- com.crm.qa.testcases.HomePageCalenderMoveTest -->
