<?xml version="1.0" encoding="UTF-8"?>
<!-- Generated by org.testng.reporters.JUnitReportReporter -->
<testsuite skipped="0" hostname="GISAHOO-LAP" name="com.crm.qa.testcases.HomePageTest" tests="2" failures="0" timestamp="17 Mar 2019 19:31:41 GMT" time="38.680" errors="0">
  <testcase name="homePageTitleTest" time="19.071" classname="com.crm.qa.testcases.HomePageTest"/>
  <testcase name="homePageLogoTest" time="19.609" classname="com.crm.qa.testcases.HomePageTest"/>
</testsuite> <!-- com.crm.qa.testcases.HomePageTest -->
