<?xml version="1.0" encoding="UTF-8"?>
<!-- Generated by org.testng.reporters.JUnitReportReporter -->
<testsuite skipped="0" hostname="GISAHOO-LAP" name="com.crm.qa.testcases.LoginPageTest" tests="2" failures="0" timestamp="13 Mar 2019 18:44:21 GMT" time="31.545" errors="0">
  <testcase name="logoTest" time="15.912" classname="com.crm.qa.testcases.LoginPageTest"/>
  <testcase name="crmTitleTest" time="15.633" classname="com.crm.qa.testcases.LoginPageTest"/>
</testsuite> <!-- com.crm.qa.testcases.LoginPageTest -->
