<?xml version="1.0" encoding="UTF-8"?>
<!-- Generated by org.testng.reporters.JUnitReportReporter -->
<testsuite skipped="0" hostname="GISAHOO-LAP" name="com.crm.qa.testcases.NewContactPageTest" tests="1" failures="0" timestamp="11 Mar 2019 17:31:19 GMT" time="23.576" errors="0">
  <testcase name="newContactAddTest" time="23.576" classname="com.crm.qa.testcases.NewContactPageTest"/>
</testsuite> <!-- com.crm.qa.testcases.NewContactPageTest -->
