<?xml version="1.0" encoding="UTF-8"?>
<!-- Generated by org.testng.reporters.JUnitReportReporter -->
<testsuite skipped="0" hostname="LAPTOP-83AF0GRJ" name="com.crm.qa.testcases.LoginPageTest" tests="2" failures="0" timestamp="03 Nov 2019 18:57:30 GMT" time="30.763" errors="0">
  <testcase name="crmTitleTest" time="15.483" classname="com.crm.qa.testcases.LoginPageTest"/>
  <testcase name="logoTest" time="15.280" classname="com.crm.qa.testcases.LoginPageTest"/>
</testsuite> <!-- com.crm.qa.testcases.LoginPageTest -->
