<?xml version="1.0" encoding="UTF-8"?>
<!-- Generated by org.testng.reporters.JUnitReportReporter -->
<testsuite skipped="0" hostname="GISAHOO-LAP" name="com.crm.qa.testcases.LoginPageTest" tests="2" failures="0" timestamp="17 Mar 2019 19:31:41 GMT" time="32.155" errors="0">
  <testcase name="crmTitleTest" time="15.306" classname="com.crm.qa.testcases.LoginPageTest"/>
  <testcase name="logoTest" time="16.849" classname="com.crm.qa.testcases.LoginPageTest"/>
</testsuite> <!-- com.crm.qa.testcases.LoginPageTest -->
