<?xml version="1.0" encoding="UTF-8"?>
<!-- Generated by org.testng.reporters.JUnitReportReporter -->
<testsuite skipped="0" hostname="LAPTOP-83AF0GRJ" name="com.crm.qa.testcases.LoginPageTest" tests="2" failures="0" timestamp="12 Oct 2019 15:43:06 GMT" time="29.887" errors="0">
  <testcase name="crmTitleTest" time="14.796" classname="com.crm.qa.testcases.LoginPageTest"/>
  <testcase name="logoTest" time="15.091" classname="com.crm.qa.testcases.LoginPageTest"/>
</testsuite> <!-- com.crm.qa.testcases.LoginPageTest -->
