<?xml version="1.0" encoding="UTF-8"?>
<!-- Generated by org.testng.reporters.JUnitReportReporter -->
<testsuite skipped="0" hostname="LAPTOP-83AF0GRJ" name="com.crm.qa.testcases.LoginPageTest" tests="2" failures="0" timestamp="12 Oct 2019 19:04:14 GMT" time="29.318" errors="0">
  <testcase name="logoTest" time="15.122" classname="com.crm.qa.testcases.LoginPageTest"/>
  <testcase name="crmTitleTest" time="14.196" classname="com.crm.qa.testcases.LoginPageTest"/>
</testsuite> <!-- com.crm.qa.testcases.LoginPageTest -->
