<?xml version="1.0" encoding="UTF-8"?>
<!-- Generated by org.testng.reporters.JUnitReportReporter -->
<testsuite skipped="0" hostname="LBGDSS9KS3MQ2" name="com.crm.qa.testcases.LoginPageTest" tests="2" failures="0" timestamp="08 Jul 2019 19:47:49 GMT" time="23.878" errors="0">
  <testcase name="crmTitleTest" time="12.077" classname="com.crm.qa.testcases.LoginPageTest"/>
  <testcase name="logoTest" time="11.801" classname="com.crm.qa.testcases.LoginPageTest"/>
</testsuite> <!-- com.crm.qa.testcases.LoginPageTest -->
